<?xml version="1.0" encoding="UTF-8" standalone="yes"?><!DOCTYPE report PUBLIC "-//JACOCO//DTD Report 1.1//EN" "report.dtd"><report name="swagger-spring-boot"><sessioninfo id="ip-172-26-15-30-884e9c2a" start="1614831374361" dump="1614831376823"/><package name="poc/spring/swagger"><class name="poc/spring/swagger/App" sourcefilename="App.java"><method name="&lt;init&gt;" desc="()V" line="21"><counter type="INSTRUCTION" missed="3" covered="0"/><counter type="LINE" missed="1" covered="0"/><counter type="COMPLEXITY" missed="1" covered="0"/><counter type="METHOD" missed="1" covered="0"/></method><method name="helloWorld" desc="()Ljava/lang/String;" line="27"><counter type="INSTRUCTION" missed="2" covered="0"/><counter type="LINE" missed="1" covered="0"/><counter type="COMPLEXITY" missed="1" covered="0"/><counter type="METHOD" missed="1" covered="0"/></method><method name="main" desc="([Ljava/lang/String;)V" line="31"><counter type="INSTRUCTION" missed="8" covered="0"/><counter type="LINE" missed="3" covered="0"/><counter type="COMPLEXITY" missed="1" covered="0"/><counter type="METHOD" missed="1" covered="0"/></method><method name="&lt;clinit&gt;" desc="()V" line="23"><counter type="INSTRUCTION" missed="5" covered="0"/><counter type="LINE" missed="1" covered="0"/><counter type="COMPLEXITY" missed="1" covered="0"/><counter type="METHOD" missed="1" covered="0"/></method><counter type="INSTRUCTION" missed="18" covered="0"/><counter type="LINE" missed="6" covered="0"/><counter type="COMPLEXITY" missed="4" covered="0"/><counter type="METHOD" missed="4" covered="0"/><counter type="CLASS" missed="1" covered="0"/></class><class name="poc/spring/swagger/SwaggerConfig" sourcefilename="SwaggerConfig.java"><method name="&lt;init&gt;" desc="()V" line="18"><counter type="INSTRUCTION" missed="3" covered="0"/><counter type="LINE" missed="1" covered="0"/><counter type="COMPLEXITY" missed="1" covered="0"/><counter type="METHOD" missed="1" covered="0"/></method><method name="productApi" desc="()Lspringfox/documentation/spring/web/plugins/Docket;" line="24"><counter type="INSTRUCTION" missed="13" covered="0"/><counter type="LINE" missed="2" covered="0"/><counter type="COMPLEXITY" missed="1" covered="0"/><counter type="METHOD" missed="1" covered="0"/></method><method name="&lt;clinit&gt;" desc="()V" line="20"><counter type="INSTRUCTION" missed="5" covered="0"/><counter type="LINE" missed="1" covered="0"/><counter type="COMPLEXITY" missed="1" covered="0"/><counter type="METHOD" missed="1" covered="0"/></method><counter type="INSTRUCTION" missed="21" covered="0"/><counter type="LINE" missed="4" covered="0"/><counter type="COMPLEXITY" missed="3" covered="0"/><counter type="METHOD" missed="3" covered="0"/><counter type="CLASS" missed="1" covered="0"/></class><sourcefile name="SwaggerConfig.java"><line nr="18" mi="3" ci="0" mb="0" cb="0"/><line nr="20" mi="5" ci="0" mb="0" cb="0"/><line nr="24" mi="12" ci="0" mb="0" cb="0"/><line nr="25" mi="1" ci="0" mb="0" cb="0"/><counter type="INSTRUCTION" missed="21" covered="0"/><counter type="LINE" missed="4" covered="0"/><counter type="COMPLEXITY" missed="3" covered="0"/><counter type="METHOD" missed="3" covered="0"/><counter type="CLASS" missed="1" covered="0"/></sourcefile><sourcefile name="App.java"><line nr="21" mi="3" ci="0" mb="0" cb="0"/><line nr="23" mi="5" ci="0" mb="0" cb="0"/><line nr="27" mi="2" ci="0" mb="0" cb="0"/><line nr="31" mi="3" ci="0" mb="0" cb="0"/><line nr="32" mi="4" ci="0" mb="0" cb="0"/><line nr="33" mi="1" ci="0" mb="0" cb="0"/><counter type="INSTRUCTION" missed="18" covered="0"/><counter type="LINE" missed="6" covered="0"/><counter type="COMPLEXITY" missed="4" covered="0"/><counter type="METHOD" missed="4" covered="0"/><counter type="CLASS" missed="1" covered="0"/></sourcefile><counter type="INSTRUCTION" missed="39" covered="0"/><counter type="LINE" missed="10" covered="0"/><counter type="COMPLEXITY" missed="7" covered="0"/><counter type="METHOD" missed="7" covered="0"/><counter type="CLASS" missed="2" covered="0"/></package><counter type="INSTRUCTION" missed="39" covered="0"/><counter type="LINE" missed="10" covered="0"/><counter type="COMPLEXITY" missed="7" covered="0"/><counter type="METHOD" missed="7" covered="0"/><counter type="CLASS" missed="2" covered="0"/></report>