<?xml version="1.0" encoding="UTF-8" standalone="yes"?><!DOCTYPE report PUBLIC "-//JACOCO//DTD Report 1.1//EN" "report.dtd"><report name="spring-simple-jpa"><sessioninfo id="ip-172-26-15-30-bd270d7e" start="1614701907357" dump="1614701929809"/><package name="example/springdata/jpa/simple"><class name="example/springdata/jpa/simple/Customer" sourcefilename="Customer.java"><method name="&lt;init&gt;" desc="()V" line="9"><counter type="INSTRUCTION" missed="0" covered="3"/><counter type="LINE" missed="0" covered="1"/><counter type="COMPLEXITY" missed="0" covered="1"/><counter type="METHOD" missed="0" covered="1"/></method><method name="getFirstname" desc="()Ljava/lang/String;" line="19"><counter type="INSTRUCTION" missed="3" covered="0"/><counter type="LINE" missed="1" covered="0"/><counter type="COMPLEXITY" missed="1" covered="0"/><counter type="METHOD" missed="1" covered="0"/></method><method name="setFirstname" desc="(Ljava/lang/String;)V" line="23"><counter type="INSTRUCTION" missed="0" covered="4"/><counter type="LINE" missed="0" covered="2"/><counter type="COMPLEXITY" missed="0" covered="1"/><counter type="METHOD" missed="0" covered="1"/></method><method name="getLastname" desc="()Ljava/lang/String;" line="27"><counter type="INSTRUCTION" missed="3" covered="0"/><counter type="LINE" missed="1" covered="0"/><counter type="COMPLEXITY" missed="1" covered="0"/><counter type="METHOD" missed="1" covered="0"/></method><method name="setLastname" desc="(Ljava/lang/String;)V" line="31"><counter type="INSTRUCTION" missed="0" covered="4"/><counter type="LINE" missed="0" covered="2"/><counter type="COMPLEXITY" missed="0" covered="1"/><counter type="METHOD" missed="0" covered="1"/></method><method name="getId" desc="()Ljava/lang/Long;" line="35"><counter type="INSTRUCTION" missed="0" covered="3"/><counter type="LINE" missed="0" covered="1"/><counter type="COMPLEXITY" missed="0" covered="1"/><counter type="METHOD" missed="0" covered="1"/></method><counter type="INSTRUCTION" missed="6" covered="14"/><counter type="LINE" missed="2" covered="6"/><counter type="COMPLEXITY" missed="2" covered="4"/><counter type="METHOD" missed="2" covered="4"/><counter type="CLASS" missed="0" covered="1"/></class><class name="example/springdata/jpa/simple/SimpleUserRepository" sourcefilename="SimpleUserRepository.java"/><class name="example/springdata/jpa/simple/SimpleUserService" sourcefilename="SimpleUserService.java"><method name="&lt;init&gt;" desc="()V" line="13"><counter type="INSTRUCTION" missed="0" covered="3"/><counter type="LINE" missed="0" covered="1"/><counter type="COMPLEXITY" missed="0" covered="1"/><counter type="METHOD" missed="0" covered="1"/></method><method name="findUserByLastName" desc="(Ljava/lang/String;)Ljava/util/List;" line="21"><counter type="INSTRUCTION" missed="16" covered="0"/><counter type="LINE" missed="4" covered="0"/><counter type="COMPLEXITY" missed="1" covered="0"/><counter type="METHOD" missed="1" covered="0"/></method><method name="&lt;clinit&gt;" desc="()V" line="15"><counter type="INSTRUCTION" missed="0" covered="5"/><counter type="LINE" missed="0" covered="1"/><counter type="COMPLEXITY" missed="0" covered="1"/><counter type="METHOD" missed="0" covered="1"/></method><counter type="INSTRUCTION" missed="16" covered="8"/><counter type="LINE" missed="4" covered="2"/><counter type="COMPLEXITY" missed="1" covered="2"/><counter type="METHOD" missed="1" covered="2"/><counter type="CLASS" missed="0" covered="1"/></class><class name="example/springdata/jpa/simple/JPAMain" sourcefilename="JPAMain.java"><method name="&lt;init&gt;" desc="()V" line="15"><counter type="INSTRUCTION" missed="0" covered="3"/><counter type="LINE" missed="0" covered="1"/><counter type="COMPLEXITY" missed="0" covered="1"/><counter type="METHOD" missed="0" covered="1"/></method><method name="main" desc="([Ljava/lang/String;)V" line="23"><counter type="INSTRUCTION" missed="28" covered="0"/><counter type="LINE" missed="7" covered="0"/><counter type="COMPLEXITY" missed="1" covered="0"/><counter type="METHOD" missed="1" covered="0"/></method><method name="&lt;clinit&gt;" desc="()V" line="17"><counter type="INSTRUCTION" missed="0" covered="5"/><counter type="LINE" missed="0" covered="1"/><counter type="COMPLEXITY" missed="0" covered="1"/><counter type="METHOD" missed="0" covered="1"/></method><counter type="INSTRUCTION" missed="28" covered="8"/><counter type="LINE" missed="7" covered="2"/><counter type="COMPLEXITY" missed="1" covered="2"/><counter type="METHOD" missed="1" covered="2"/><counter type="CLASS" missed="0" covered="1"/></class><class name="example/springdata/jpa/simple/User" sourcefilename="User.java"><method name="&lt;init&gt;" desc="()V" line="47"><counter type="INSTRUCTION" missed="0" covered="4"/><counter type="LINE" missed="0" covered="2"/><counter type="COMPLEXITY" missed="0" covered="1"/><counter type="METHOD" missed="0" covered="1"/></method><method name="&lt;init&gt;" desc="(Ljava/lang/Long;)V" line="53"><counter type="INSTRUCTION" missed="0" covered="6"/><counter type="LINE" missed="0" covered="3"/><counter type="COMPLEXITY" missed="0" covered="1"/><counter type="METHOD" missed="0" covered="1"/></method><method name="getUsername" desc="()Ljava/lang/String;" line="64"><counter type="INSTRUCTION" missed="0" covered="3"/><counter type="LINE" missed="0" covered="1"/><counter type="COMPLEXITY" missed="0" covered="1"/><counter type="METHOD" missed="0" covered="1"/></method><method name="setUsername" desc="(Ljava/lang/String;)V" line="71"><counter type="INSTRUCTION" missed="0" covered="4"/><counter type="LINE" missed="0" covered="2"/><counter type="COMPLEXITY" missed="0" covered="1"/><counter type="METHOD" missed="0" covered="1"/></method><method name="getFirstname" desc="()Ljava/lang/String;" line="78"><counter type="INSTRUCTION" missed="0" covered="3"/><counter type="LINE" missed="0" covered="1"/><counter type="COMPLEXITY" missed="0" covered="1"/><counter type="METHOD" missed="0" covered="1"/></method><method name="setFirstname" desc="(Ljava/lang/String;)V" line="85"><counter type="INSTRUCTION" missed="0" covered="4"/><counter type="LINE" missed="0" covered="2"/><counter type="COMPLEXITY" missed="0" covered="1"/><counter type="METHOD" missed="0" covered="1"/></method><method name="getLastname" desc="()Ljava/lang/String;" line="92"><counter type="INSTRUCTION" missed="0" covered="3"/><counter type="LINE" missed="0" covered="1"/><counter type="COMPLEXITY" missed="0" covered="1"/><counter type="METHOD" missed="0" covered="1"/></method><method name="setLastname" desc="(Ljava/lang/String;)V" line="99"><counter type="INSTRUCTION" missed="0" covered="4"/><counter type="LINE" missed="0" covered="2"/><counter type="COMPLEXITY" missed="0" covered="1"/><counter type="METHOD" missed="0" covered="1"/></method><method name="hashCode" desc="()I" line="104"><counter type="INSTRUCTION" missed="3" covered="0"/><counter type="LINE" missed="1" covered="0"/><counter type="COMPLEXITY" missed="1" covered="0"/><counter type="METHOD" missed="1" covered="0"/></method><method name="equals" desc="(Ljava/lang/Object;)Z" line="109"><counter type="INSTRUCTION" missed="0" covered="4"/><counter type="LINE" missed="0" covered="1"/><counter type="COMPLEXITY" missed="0" covered="1"/><counter type="METHOD" missed="0" covered="1"/></method><counter type="INSTRUCTION" missed="3" covered="35"/><counter type="LINE" missed="1" covered="15"/><counter type="COMPLEXITY" missed="1" covered="9"/><counter type="METHOD" missed="1" covered="9"/><counter type="CLASS" missed="0" covered="1"/></class><class name="example/springdata/jpa/simple/SimpleUserController" sourcefilename="SimpleUserController.java"><method name="&lt;init&gt;" desc="()V" line="7"><counter type="INSTRUCTION" missed="0" covered="3"/><counter type="LINE" missed="0" covered="1"/><counter type="COMPLEXITY" missed="0" covered="1"/><counter type="METHOD" missed="0" covered="1"/></method><counter type="INSTRUCTION" missed="0" covered="3"/><counter type="LINE" missed="0" covered="1"/><counter type="COMPLEXITY" missed="0" covered="1"/><counter type="METHOD" missed="0" covered="1"/><counter type="CLASS" missed="0" covered="1"/></class><sourcefile name="User.java"><line nr="47" mi="0" ci="3" mb="0" cb="0"/><line nr="48" mi="0" ci="1" mb="0" cb="0"/><line nr="53" mi="0" ci="2" mb="0" cb="0"/><line nr="54" mi="0" ci="3" mb="0" cb="0"/><line nr="55" mi="0" ci="1" mb="0" cb="0"/><line nr="64" mi="0" ci="3" mb="0" cb="0"/><line nr="71" mi="0" ci="3" mb="0" cb="0"/><line nr="72" mi="0" ci="1" mb="0" cb="0"/><line nr="78" mi="0" ci="3" mb="0" cb="0"/><line nr="85" mi="0" ci="3" mb="0" cb="0"/><line nr="86" mi="0" ci="1" mb="0" cb="0"/><line nr="92" mi="0" ci="3" mb="0" cb="0"/><line nr="99" mi="0" ci="3" mb="0" cb="0"/><line nr="100" mi="0" ci="1" mb="0" cb="0"/><line nr="104" mi="3" ci="0" mb="0" cb="0"/><line nr="109" mi="0" ci="4" mb="0" cb="0"/><counter type="INSTRUCTION" missed="3" covered="35"/><counter type="LINE" missed="1" covered="15"/><counter type="COMPLEXITY" missed="1" covered="9"/><counter type="METHOD" missed="1" covered="9"/><counter type="CLASS" missed="0" covered="1"/></sourcefile><sourcefile name="SimpleUserService.java"><line nr="13" mi="0" ci="3" mb="0" cb="0"/><line nr="15" mi="0" ci="5" mb="0" cb="0"/><line nr="21" mi="3" ci="0" mb="0" cb="0"/><line nr="22" mi="5" ci="0" mb="0" cb="0"/><line nr="23" mi="3" ci="0" mb="0" cb="0"/><line nr="24" mi="5" ci="0" mb="0" cb="0"/><counter type="INSTRUCTION" missed="16" covered="8"/><counter type="LINE" missed="4" covered="2"/><counter type="COMPLEXITY" missed="1" covered="2"/><counter type="METHOD" missed="1" covered="2"/><counter type="CLASS" missed="0" covered="1"/></sourcefile><sourcefile name="SimpleUserController.java"><line nr="7" mi="0" ci="3" mb="0" cb="0"/><counter type="INSTRUCTION" missed="0" covered="3"/><counter type="LINE" missed="0" covered="1"/><counter type="COMPLEXITY" missed="0" covered="1"/><counter type="METHOD" missed="0" covered="1"/><counter type="CLASS" missed="0" covered="1"/></sourcefile><sourcefile name="Customer.java"><line nr="9" mi="0" ci="3" mb="0" cb="0"/><line nr="19" mi="3" ci="0" mb="0" cb="0"/><line nr="23" mi="0" ci="3" mb="0" cb="0"/><line nr="24" mi="0" ci="1" mb="0" cb="0"/><line nr="27" mi="3" ci="0" mb="0" cb="0"/><line nr="31" mi="0" ci="3" mb="0" cb="0"/><line nr="32" mi="0" ci="1" mb="0" cb="0"/><line nr="35" mi="0" ci="3" mb="0" cb="0"/><counter type="INSTRUCTION" missed="6" covered="14"/><counter type="LINE" missed="2" covered="6"/><counter type="COMPLEXITY" missed="2" covered="4"/><counter type="METHOD" missed="2" covered="4"/><counter type="CLASS" missed="0" covered="1"/></sourcefile><sourcefile name="JPAMain.java"><line nr="15" mi="0" ci="3" mb="0" cb="0"/><line nr="17" mi="0" ci="5" mb="0" cb="0"/><line nr="23" mi="4" ci="0" mb="0" cb="0"/><line nr="24" mi="4" ci="0" mb="0" cb="0"/><line nr="25" mi="6" ci="0" mb="0" cb="0"/><line nr="26" mi="3" ci="0" mb="0" cb="0"/><line nr="27" mi="7" ci="0" mb="0" cb="0"/><line nr="28" mi="3" ci="0" mb="0" cb="0"/><line nr="29" mi="1" ci="0" mb="0" cb="0"/><counter type="INSTRUCTION" missed="28" covered="8"/><counter type="LINE" missed="7" covered="2"/><counter type="COMPLEXITY" missed="1" covered="2"/><counter type="METHOD" missed="1" covered="2"/><counter type="CLASS" missed="0" covered="1"/></sourcefile><sourcefile name="SimpleUserRepository.java"/><counter type="INSTRUCTION" missed="53" covered="68"/><counter type="LINE" missed="14" covered="26"/><counter type="COMPLEXITY" missed="5" covered="18"/><counter type="METHOD" missed="5" covered="18"/><counter type="CLASS" missed="0" covered="5"/></package><counter type="INSTRUCTION" missed="53" covered="68"/><counter type="LINE" missed="14" covered="26"/><counter type="COMPLEXITY" missed="5" covered="18"/><counter type="METHOD" missed="5" covered="18"/><counter type="CLASS" missed="0" covered="5"/></report>