GROUP,PACKAGE,CLASS,INSTRUCTION_MISSED,INSTRUCTION_COVERED,BRANCH_MISSED,BRANCH_COVERED,LINE_MISSED,LINE_COVERED,COMPLEXITY_MISSED,COMPLEXITY_COVERED,METHOD_MISSED,METHOD_COVERED
spring-simple-jpa,example.springdata.jpa.simple,Customer,20,0,0,0,8,0,6,0,6,0
spring-simple-jpa,example.springdata.jpa.simple,SimpleUserService,24,0,0,0,6,0,3,0,3,0
spring-simple-jpa,example.springdata.jpa.simple,JPAMain,36,0,0,0,9,0,3,0,3,0
spring-simple-jpa,example.springdata.jpa.simple,User,38,0,0,0,16,0,10,0,10,0
spring-simple-jpa,example.springdata.jpa.simple,SimpleUserController,3,0,0,0,1,0,1,0,1,0
