GROUP,PACKAGE,CLASS,INSTRUCTION_MISSED,INSTRUCTION_COVERED,BRANCH_MISSED,BRANCH_COVERED,LINE_MISSED,LINE_COVERED,COMPLEXITY_MISSED,COMPLEXITY_COVERED,METHOD_MISSED,METHOD_COVERED
xml-json-converter,com.ghosh.sanjay.adapters,JsonLocalDateTimeDeserializer,7,0,0,0,2,0,2,0,2,0
xml-json-converter,com.ghosh.sanjay.adapters,LocalDateXmlAdapter,3,6,0,0,1,2,1,2,1,2
xml-json-converter,com.ghosh.sanjay.adapters,JsonLocalDateSerializer,0,8,0,0,0,3,0,2,0,2
xml-json-converter,com.ghosh.sanjay.adapters,JsonLocalDateDeserializer,7,0,0,0,2,0,2,0,2,0
xml-json-converter,com.ghosh.sanjay.adapters,JsonLocalDateTimeSerializer,0,8,0,0,0,3,0,2,0,2
xml-json-converter,com.ghosh.sanjay.adapters,LocalDateTimeXmlAdapter,3,6,0,0,1,2,1,2,1,2
xml-json-converter,com.ghosh.sanjay,App,7,0,0,0,3,0,2,0,2,0
xml-json-converter,com.ghosh.sanjay.beans,Employee,28,79,0,0,1,17,7,9,7,9
xml-json-converter,com.ghosh.sanjay.beans,Address,28,79,0,0,1,17,7,9,7,9
