<?xml version="1.0" encoding="UTF-8" standalone="yes"?><!DOCTYPE report PUBLIC "-//JACOCO//DTD Report 1.0//EN" "report.dtd"><report name="xml-json-converter"><sessioninfo id="DESKTOP-LCNFHH7-7e241583" start="1603189756470" dump="1603189757732"/><package name="com/ghosh/sanjay/adapters"><class name="com/ghosh/sanjay/adapters/JsonLocalDateTimeDeserializer"><method name="&lt;init&gt;" desc="()V" line="11"><counter type="INSTRUCTION" missed="3" covered="0"/><counter type="LINE" missed="1" covered="0"/><counter type="COMPLEXITY" missed="1" covered="0"/><counter type="METHOD" missed="1" covered="0"/></method><method name="deserialize" desc="(Lcom/fasterxml/jackson/core/JsonParser;Lcom/fasterxml/jackson/databind/DeserializationContext;)Ljava/time/LocalDateTime;" line="16"><counter type="INSTRUCTION" missed="4" covered="0"/><counter type="LINE" missed="1" covered="0"/><counter type="COMPLEXITY" missed="1" covered="0"/><counter type="METHOD" missed="1" covered="0"/></method><counter type="INSTRUCTION" missed="7" covered="0"/><counter type="LINE" missed="2" covered="0"/><counter type="COMPLEXITY" missed="2" covered="0"/><counter type="METHOD" missed="2" covered="0"/><counter type="CLASS" missed="1" covered="0"/></class><class name="com/ghosh/sanjay/adapters/LocalDateXmlAdapter"><method name="&lt;init&gt;" desc="()V" line="9"><counter type="INSTRUCTION" missed="0" covered="3"/><counter type="LINE" missed="0" covered="1"/><counter type="COMPLEXITY" missed="0" covered="1"/><counter type="METHOD" missed="0" covered="1"/></method><method name="unmarshal" desc="(Ljava/lang/String;)Ljava/time/LocalDate;" line="13"><counter type="INSTRUCTION" missed="0" covered="3"/><counter type="LINE" missed="0" covered="1"/><counter type="COMPLEXITY" missed="0" covered="1"/><counter type="METHOD" missed="0" covered="1"/></method><method name="marshal" desc="(Ljava/time/LocalDate;)Ljava/lang/String;" line="18"><counter type="INSTRUCTION" missed="3" covered="0"/><counter type="LINE" missed="1" covered="0"/><counter type="COMPLEXITY" missed="1" covered="0"/><counter type="METHOD" missed="1" covered="0"/></method><counter type="INSTRUCTION" missed="3" covered="6"/><counter type="LINE" missed="1" covered="2"/><counter type="COMPLEXITY" missed="1" covered="2"/><counter type="METHOD" missed="1" covered="2"/><counter type="CLASS" missed="0" covered="1"/></class><class name="com/ghosh/sanjay/adapters/JsonLocalDateSerializer"><method name="&lt;init&gt;" desc="()V" line="10"><counter type="INSTRUCTION" missed="0" covered="3"/><counter type="LINE" missed="0" covered="1"/><counter type="COMPLEXITY" missed="0" covered="1"/><counter type="METHOD" missed="0" covered="1"/></method><method name="serialize" desc="(Ljava/time/LocalDate;Lcom/fasterxml/jackson/core/JsonGenerator;Lcom/fasterxml/jackson/databind/SerializerProvider;)V" line="15"><counter type="INSTRUCTION" missed="0" covered="5"/><counter type="LINE" missed="0" covered="2"/><counter type="COMPLEXITY" missed="0" covered="1"/><counter type="METHOD" missed="0" covered="1"/></method><counter type="INSTRUCTION" missed="0" covered="8"/><counter type="LINE" missed="0" covered="3"/><counter type="COMPLEXITY" missed="0" covered="2"/><counter type="METHOD" missed="0" covered="2"/><counter type="CLASS" missed="0" covered="1"/></class><class name="com/ghosh/sanjay/adapters/JsonLocalDateDeserializer"><method name="&lt;init&gt;" desc="()V" line="11"><counter type="INSTRUCTION" missed="3" covered="0"/><counter type="LINE" missed="1" covered="0"/><counter type="COMPLEXITY" missed="1" covered="0"/><counter type="METHOD" missed="1" covered="0"/></method><method name="deserialize" desc="(Lcom/fasterxml/jackson/core/JsonParser;Lcom/fasterxml/jackson/databind/DeserializationContext;)Ljava/time/LocalDate;" line="16"><counter type="INSTRUCTION" missed="4" covered="0"/><counter type="LINE" missed="1" covered="0"/><counter type="COMPLEXITY" missed="1" covered="0"/><counter type="METHOD" missed="1" covered="0"/></method><counter type="INSTRUCTION" missed="7" covered="0"/><counter type="LINE" missed="2" covered="0"/><counter type="COMPLEXITY" missed="2" covered="0"/><counter type="METHOD" missed="2" covered="0"/><counter type="CLASS" missed="1" covered="0"/></class><class name="com/ghosh/sanjay/adapters/JsonLocalDateTimeSerializer"><method name="&lt;init&gt;" desc="()V" line="10"><counter type="INSTRUCTION" missed="0" covered="3"/><counter type="LINE" missed="0" covered="1"/><counter type="COMPLEXITY" missed="0" covered="1"/><counter type="METHOD" missed="0" covered="1"/></method><method name="serialize" desc="(Ljava/time/LocalDateTime;Lcom/fasterxml/jackson/core/JsonGenerator;Lcom/fasterxml/jackson/databind/SerializerProvider;)V" line="14"><counter type="INSTRUCTION" missed="0" covered="5"/><counter type="LINE" missed="0" covered="2"/><counter type="COMPLEXITY" missed="0" covered="1"/><counter type="METHOD" missed="0" covered="1"/></method><counter type="INSTRUCTION" missed="0" covered="8"/><counter type="LINE" missed="0" covered="3"/><counter type="COMPLEXITY" missed="0" covered="2"/><counter type="METHOD" missed="0" covered="2"/><counter type="CLASS" missed="0" covered="1"/></class><class name="com/ghosh/sanjay/adapters/LocalDateTimeXmlAdapter"><method name="&lt;init&gt;" desc="()V" line="9"><counter type="INSTRUCTION" missed="0" covered="3"/><counter type="LINE" missed="0" covered="1"/><counter type="COMPLEXITY" missed="0" covered="1"/><counter type="METHOD" missed="0" covered="1"/></method><method name="unmarshal" desc="(Ljava/lang/String;)Ljava/time/LocalDateTime;" line="13"><counter type="INSTRUCTION" missed="0" covered="3"/><counter type="LINE" missed="0" covered="1"/><counter type="COMPLEXITY" missed="0" covered="1"/><counter type="METHOD" missed="0" covered="1"/></method><method name="marshal" desc="(Ljava/time/LocalDateTime;)Ljava/lang/String;" line="18"><counter type="INSTRUCTION" missed="3" covered="0"/><counter type="LINE" missed="1" covered="0"/><counter type="COMPLEXITY" missed="1" covered="0"/><counter type="METHOD" missed="1" covered="0"/></method><counter type="INSTRUCTION" missed="3" covered="6"/><counter type="LINE" missed="1" covered="2"/><counter type="COMPLEXITY" missed="1" covered="2"/><counter type="METHOD" missed="1" covered="2"/><counter type="CLASS" missed="0" covered="1"/></class><sourcefile name="JsonLocalDateSerializer.java"><line nr="10" mi="0" ci="3" mb="0" cb="0"/><line nr="15" mi="0" ci="4" mb="0" cb="0"/><line nr="16" mi="0" ci="1" mb="0" cb="0"/><counter type="INSTRUCTION" missed="0" covered="8"/><counter type="LINE" missed="0" covered="3"/><counter type="COMPLEXITY" missed="0" covered="2"/><counter type="METHOD" missed="0" covered="2"/><counter type="CLASS" missed="0" covered="1"/></sourcefile><sourcefile name="JsonLocalDateTimeSerializer.java"><line nr="10" mi="0" ci="3" mb="0" cb="0"/><line nr="14" mi="0" ci="4" mb="0" cb="0"/><line nr="15" mi="0" ci="1" mb="0" cb="0"/><counter type="INSTRUCTION" missed="0" covered="8"/><counter type="LINE" missed="0" covered="3"/><counter type="COMPLEXITY" missed="0" covered="2"/><counter type="METHOD" missed="0" covered="2"/><counter type="CLASS" missed="0" covered="1"/></sourcefile><sourcefile name="LocalDateXmlAdapter.java"><line nr="9" mi="0" ci="3" mb="0" cb="0"/><line nr="13" mi="0" ci="3" mb="0" cb="0"/><line nr="18" mi="3" ci="0" mb="0" cb="0"/><counter type="INSTRUCTION" missed="3" covered="6"/><counter type="LINE" missed="1" covered="2"/><counter type="COMPLEXITY" missed="1" covered="2"/><counter type="METHOD" missed="1" covered="2"/><counter type="CLASS" missed="0" covered="1"/></sourcefile><sourcefile name="JsonLocalDateTimeDeserializer.java"><line nr="11" mi="3" ci="0" mb="0" cb="0"/><line nr="16" mi="4" ci="0" mb="0" cb="0"/><counter type="INSTRUCTION" missed="7" covered="0"/><counter type="LINE" missed="2" covered="0"/><counter type="COMPLEXITY" missed="2" covered="0"/><counter type="METHOD" missed="2" covered="0"/><counter type="CLASS" missed="1" covered="0"/></sourcefile><sourcefile name="LocalDateTimeXmlAdapter.java"><line nr="9" mi="0" ci="3" mb="0" cb="0"/><line nr="13" mi="0" ci="3" mb="0" cb="0"/><line nr="18" mi="3" ci="0" mb="0" cb="0"/><counter type="INSTRUCTION" missed="3" covered="6"/><counter type="LINE" missed="1" covered="2"/><counter type="COMPLEXITY" missed="1" covered="2"/><counter type="METHOD" missed="1" covered="2"/><counter type="CLASS" missed="0" covered="1"/></sourcefile><sourcefile name="JsonLocalDateDeserializer.java"><line nr="11" mi="3" ci="0" mb="0" cb="0"/><line nr="16" mi="4" ci="0" mb="0" cb="0"/><counter type="INSTRUCTION" missed="7" covered="0"/><counter type="LINE" missed="2" covered="0"/><counter type="COMPLEXITY" missed="2" covered="0"/><counter type="METHOD" missed="2" covered="0"/><counter type="CLASS" missed="1" covered="0"/></sourcefile><counter type="INSTRUCTION" missed="20" covered="28"/><counter type="LINE" missed="6" covered="10"/><counter type="COMPLEXITY" missed="6" covered="8"/><counter type="METHOD" missed="6" covered="8"/><counter type="CLASS" missed="2" covered="4"/></package><package name="com/ghosh/sanjay"><class name="com/ghosh/sanjay/App"><method name="&lt;init&gt;" desc="()V" line="7"><counter type="INSTRUCTION" missed="3" covered="0"/><counter type="LINE" missed="1" covered="0"/><counter type="COMPLEXITY" missed="1" covered="0"/><counter type="METHOD" missed="1" covered="0"/></method><method name="main" desc="([Ljava/lang/String;)V" line="11"><counter type="INSTRUCTION" missed="4" covered="0"/><counter type="LINE" missed="2" covered="0"/><counter type="COMPLEXITY" missed="1" covered="0"/><counter type="METHOD" missed="1" covered="0"/></method><counter type="INSTRUCTION" missed="7" covered="0"/><counter type="LINE" missed="3" covered="0"/><counter type="COMPLEXITY" missed="2" covered="0"/><counter type="METHOD" missed="2" covered="0"/><counter type="CLASS" missed="1" covered="0"/></class><sourcefile name="App.java"><line nr="7" mi="3" ci="0" mb="0" cb="0"/><line nr="11" mi="3" ci="0" mb="0" cb="0"/><line nr="12" mi="1" ci="0" mb="0" cb="0"/><counter type="INSTRUCTION" missed="7" covered="0"/><counter type="LINE" missed="3" covered="0"/><counter type="COMPLEXITY" missed="2" covered="0"/><counter type="METHOD" missed="2" covered="0"/><counter type="CLASS" missed="1" covered="0"/></sourcefile><counter type="INSTRUCTION" missed="7" covered="0"/><counter type="LINE" missed="3" covered="0"/><counter type="COMPLEXITY" missed="2" covered="0"/><counter type="METHOD" missed="2" covered="0"/><counter type="CLASS" missed="1" covered="0"/></package><package name="com/ghosh/sanjay/beans"><class name="com/ghosh/sanjay/beans/Employee"><method name="&lt;init&gt;" desc="()V" line="33"><counter type="INSTRUCTION" missed="0" covered="3"/><counter type="LINE" missed="0" covered="1"/><counter type="COMPLEXITY" missed="0" covered="1"/><counter type="METHOD" missed="0" covered="1"/></method><method name="toString" desc="()Ljava/lang/String;" line="64"><counter type="INSTRUCTION" missed="0" covered="55"/><counter type="LINE" missed="0" covered="9"/><counter type="COMPLEXITY" missed="0" covered="1"/><counter type="METHOD" missed="0" covered="1"/></method><method name="setId" desc="(Ljava/lang/Integer;)V" line="30"><counter type="INSTRUCTION" missed="4" covered="0"/><counter type="LINE" missed="1" covered="0"/><counter type="COMPLEXITY" missed="1" covered="0"/><counter type="METHOD" missed="1" covered="0"/></method><method name="setName" desc="(Ljava/lang/String;)V" line="30"><counter type="INSTRUCTION" missed="4" covered="0"/><counter type="LINE" missed="1" covered="0"/><counter type="COMPLEXITY" missed="1" covered="0"/><counter type="METHOD" missed="1" covered="0"/></method><method name="setSalary" desc="(Ljava/lang/Double;)V" line="30"><counter type="INSTRUCTION" missed="4" covered="0"/><counter type="LINE" missed="1" covered="0"/><counter type="COMPLEXITY" missed="1" covered="0"/><counter type="METHOD" missed="1" covered="0"/></method><method name="setAge" desc="(Ljava/lang/Integer;)V" line="30"><counter type="INSTRUCTION" missed="4" covered="0"/><counter type="LINE" missed="1" covered="0"/><counter type="COMPLEXITY" missed="1" covered="0"/><counter type="METHOD" missed="1" covered="0"/></method><method name="setDateOfJoining" desc="(Ljava/time/LocalDate;)V" line="30"><counter type="INSTRUCTION" missed="4" covered="0"/><counter type="LINE" missed="1" covered="0"/><counter type="COMPLEXITY" missed="1" covered="0"/><counter type="METHOD" missed="1" covered="0"/></method><method name="setLastLogin" desc="(Ljava/time/LocalDateTime;)V" line="30"><counter type="INSTRUCTION" missed="4" covered="0"/><counter type="LINE" missed="1" covered="0"/><counter type="COMPLEXITY" missed="1" covered="0"/><counter type="METHOD" missed="1" covered="0"/></method><method name="setAddress" desc="(Lcom/ghosh/sanjay/beans/Address;)V" line="30"><counter type="INSTRUCTION" missed="4" covered="0"/><counter type="LINE" missed="1" covered="0"/><counter type="COMPLEXITY" missed="1" covered="0"/><counter type="METHOD" missed="1" covered="0"/></method><method name="getId" desc="()Ljava/lang/Integer;" line="36"><counter type="INSTRUCTION" missed="0" covered="3"/><counter type="LINE" missed="0" covered="1"/><counter type="COMPLEXITY" missed="0" covered="1"/><counter type="METHOD" missed="0" covered="1"/></method><method name="getName" desc="()Ljava/lang/String;" line="39"><counter type="INSTRUCTION" missed="0" covered="3"/><counter type="LINE" missed="0" covered="1"/><counter type="COMPLEXITY" missed="0" covered="1"/><counter type="METHOD" missed="0" covered="1"/></method><method name="getSalary" desc="()Ljava/lang/Double;" line="42"><counter type="INSTRUCTION" missed="0" covered="3"/><counter type="LINE" missed="0" covered="1"/><counter type="COMPLEXITY" missed="0" covered="1"/><counter type="METHOD" missed="0" covered="1"/></method><method name="getAge" desc="()Ljava/lang/Integer;" line="45"><counter type="INSTRUCTION" missed="0" covered="3"/><counter type="LINE" missed="0" covered="1"/><counter type="COMPLEXITY" missed="0" covered="1"/><counter type="METHOD" missed="0" covered="1"/></method><method name="getDateOfJoining" desc="()Ljava/time/LocalDate;" line="51"><counter type="INSTRUCTION" missed="0" covered="3"/><counter type="LINE" missed="0" covered="1"/><counter type="COMPLEXITY" missed="0" covered="1"/><counter type="METHOD" missed="0" covered="1"/></method><method name="getLastLogin" desc="()Ljava/time/LocalDateTime;" line="57"><counter type="INSTRUCTION" missed="0" covered="3"/><counter type="LINE" missed="0" covered="1"/><counter type="COMPLEXITY" missed="0" covered="1"/><counter type="METHOD" missed="0" covered="1"/></method><method name="getAddress" desc="()Lcom/ghosh/sanjay/beans/Address;" line="60"><counter type="INSTRUCTION" missed="0" covered="3"/><counter type="LINE" missed="0" covered="1"/><counter type="COMPLEXITY" missed="0" covered="1"/><counter type="METHOD" missed="0" covered="1"/></method><counter type="INSTRUCTION" missed="28" covered="79"/><counter type="LINE" missed="1" covered="17"/><counter type="COMPLEXITY" missed="7" covered="9"/><counter type="METHOD" missed="7" covered="9"/><counter type="CLASS" missed="0" covered="1"/></class><class name="com/ghosh/sanjay/beans/Address"><method name="&lt;init&gt;" desc="()V" line="19"><counter type="INSTRUCTION" missed="0" covered="3"/><counter type="LINE" missed="0" covered="1"/><counter type="COMPLEXITY" missed="0" covered="1"/><counter type="METHOD" missed="0" covered="1"/></method><method name="toString" desc="()Ljava/lang/String;" line="44"><counter type="INSTRUCTION" missed="0" covered="55"/><counter type="LINE" missed="0" covered="9"/><counter type="COMPLEXITY" missed="0" covered="1"/><counter type="METHOD" missed="0" covered="1"/></method><method name="getHouseOrFlatName" desc="()Ljava/lang/String;" line="22"><counter type="INSTRUCTION" missed="0" covered="3"/><counter type="LINE" missed="0" covered="1"/><counter type="COMPLEXITY" missed="0" covered="1"/><counter type="METHOD" missed="0" covered="1"/></method><method name="getStreetName" desc="()Ljava/lang/String;" line="25"><counter type="INSTRUCTION" missed="0" covered="3"/><counter type="LINE" missed="0" covered="1"/><counter type="COMPLEXITY" missed="0" covered="1"/><counter type="METHOD" missed="0" covered="1"/></method><method name="getCity" desc="()Ljava/lang/String;" line="28"><counter type="INSTRUCTION" missed="0" covered="3"/><counter type="LINE" missed="0" covered="1"/><counter type="COMPLEXITY" missed="0" covered="1"/><counter type="METHOD" missed="0" covered="1"/></method><method name="getPostOffice" desc="()Ljava/lang/String;" line="31"><counter type="INSTRUCTION" missed="0" covered="3"/><counter type="LINE" missed="0" covered="1"/><counter type="COMPLEXITY" missed="0" covered="1"/><counter type="METHOD" missed="0" covered="1"/></method><method name="getPin" desc="()Ljava/lang/String;" line="34"><counter type="INSTRUCTION" missed="0" covered="3"/><counter type="LINE" missed="0" covered="1"/><counter type="COMPLEXITY" missed="0" covered="1"/><counter type="METHOD" missed="0" covered="1"/></method><method name="getState" desc="()Ljava/lang/String;" line="37"><counter type="INSTRUCTION" missed="0" covered="3"/><counter type="LINE" missed="0" covered="1"/><counter type="COMPLEXITY" missed="0" covered="1"/><counter type="METHOD" missed="0" covered="1"/></method><method name="getCountry" desc="()Ljava/lang/String;" line="40"><counter type="INSTRUCTION" missed="0" covered="3"/><counter type="LINE" missed="0" covered="1"/><counter type="COMPLEXITY" missed="0" covered="1"/><counter type="METHOD" missed="0" covered="1"/></method><method name="setHouseOrFlatName" desc="(Ljava/lang/String;)V" line="17"><counter type="INSTRUCTION" missed="4" covered="0"/><counter type="LINE" missed="1" covered="0"/><counter type="COMPLEXITY" missed="1" covered="0"/><counter type="METHOD" missed="1" covered="0"/></method><method name="setStreetName" desc="(Ljava/lang/String;)V" line="17"><counter type="INSTRUCTION" missed="4" covered="0"/><counter type="LINE" missed="1" covered="0"/><counter type="COMPLEXITY" missed="1" covered="0"/><counter type="METHOD" missed="1" covered="0"/></method><method name="setCity" desc="(Ljava/lang/String;)V" line="17"><counter type="INSTRUCTION" missed="4" covered="0"/><counter type="LINE" missed="1" covered="0"/><counter type="COMPLEXITY" missed="1" covered="0"/><counter type="METHOD" missed="1" covered="0"/></method><method name="setPostOffice" desc="(Ljava/lang/String;)V" line="17"><counter type="INSTRUCTION" missed="4" covered="0"/><counter type="LINE" missed="1" covered="0"/><counter type="COMPLEXITY" missed="1" covered="0"/><counter type="METHOD" missed="1" covered="0"/></method><method name="setPin" desc="(Ljava/lang/String;)V" line="17"><counter type="INSTRUCTION" missed="4" covered="0"/><counter type="LINE" missed="1" covered="0"/><counter type="COMPLEXITY" missed="1" covered="0"/><counter type="METHOD" missed="1" covered="0"/></method><method name="setState" desc="(Ljava/lang/String;)V" line="17"><counter type="INSTRUCTION" missed="4" covered="0"/><counter type="LINE" missed="1" covered="0"/><counter type="COMPLEXITY" missed="1" covered="0"/><counter type="METHOD" missed="1" covered="0"/></method><method name="setCountry" desc="(Ljava/lang/String;)V" line="17"><counter type="INSTRUCTION" missed="4" covered="0"/><counter type="LINE" missed="1" covered="0"/><counter type="COMPLEXITY" missed="1" covered="0"/><counter type="METHOD" missed="1" covered="0"/></method><counter type="INSTRUCTION" missed="28" covered="79"/><counter type="LINE" missed="1" covered="17"/><counter type="COMPLEXITY" missed="7" covered="9"/><counter type="METHOD" missed="7" covered="9"/><counter type="CLASS" missed="0" covered="1"/></class><sourcefile name="Address.java"><line nr="17" mi="28" ci="0" mb="0" cb="0"/><line nr="19" mi="0" ci="3" mb="0" cb="0"/><line nr="22" mi="0" ci="3" mb="0" cb="0"/><line nr="25" mi="0" ci="3" mb="0" cb="0"/><line nr="28" mi="0" ci="3" mb="0" cb="0"/><line nr="31" mi="0" ci="3" mb="0" cb="0"/><line nr="34" mi="0" ci="3" mb="0" cb="0"/><line nr="37" mi="0" ci="3" mb="0" cb="0"/><line nr="40" mi="0" ci="3" mb="0" cb="0"/><line nr="44" mi="0" ci="7" mb="0" cb="0"/><line nr="45" mi="0" ci="7" mb="0" cb="0"/><line nr="46" mi="0" ci="7" mb="0" cb="0"/><line nr="47" mi="0" ci="7" mb="0" cb="0"/><line nr="48" mi="0" ci="7" mb="0" cb="0"/><line nr="49" mi="0" ci="7" mb="0" cb="0"/><line nr="50" mi="0" ci="7" mb="0" cb="0"/><line nr="51" mi="0" ci="5" mb="0" cb="0"/><line nr="52" mi="0" ci="1" mb="0" cb="0"/><counter type="INSTRUCTION" missed="28" covered="79"/><counter type="LINE" missed="1" covered="17"/><counter type="COMPLEXITY" missed="7" covered="9"/><counter type="METHOD" missed="7" covered="9"/><counter type="CLASS" missed="0" covered="1"/></sourcefile><sourcefile name="Employee.java"><line nr="30" mi="28" ci="0" mb="0" cb="0"/><line nr="33" mi="0" ci="3" mb="0" cb="0"/><line nr="36" mi="0" ci="3" mb="0" cb="0"/><line nr="39" mi="0" ci="3" mb="0" cb="0"/><line nr="42" mi="0" ci="3" mb="0" cb="0"/><line nr="45" mi="0" ci="3" mb="0" cb="0"/><line nr="51" mi="0" ci="3" mb="0" cb="0"/><line nr="57" mi="0" ci="3" mb="0" cb="0"/><line nr="60" mi="0" ci="3" mb="0" cb="0"/><line nr="64" mi="0" ci="7" mb="0" cb="0"/><line nr="65" mi="0" ci="7" mb="0" cb="0"/><line nr="66" mi="0" ci="7" mb="0" cb="0"/><line nr="67" mi="0" ci="7" mb="0" cb="0"/><line nr="68" mi="0" ci="7" mb="0" cb="0"/><line nr="69" mi="0" ci="7" mb="0" cb="0"/><line nr="70" mi="0" ci="7" mb="0" cb="0"/><line nr="71" mi="0" ci="5" mb="0" cb="0"/><line nr="72" mi="0" ci="1" mb="0" cb="0"/><counter type="INSTRUCTION" missed="28" covered="79"/><counter type="LINE" missed="1" covered="17"/><counter type="COMPLEXITY" missed="7" covered="9"/><counter type="METHOD" missed="7" covered="9"/><counter type="CLASS" missed="0" covered="1"/></sourcefile><counter type="INSTRUCTION" missed="56" covered="158"/><counter type="LINE" missed="2" covered="34"/><counter type="COMPLEXITY" missed="14" covered="18"/><counter type="METHOD" missed="14" covered="18"/><counter type="CLASS" missed="0" covered="2"/></package><counter type="INSTRUCTION" missed="83" covered="186"/><counter type="LINE" missed="11" covered="44"/><counter type="COMPLEXITY" missed="22" covered="26"/><counter type="METHOD" missed="22" covered="26"/><counter type="CLASS" missed="3" covered="6"/></report>