<?xml version="1.0" encoding="UTF-8" standalone="yes"?><!DOCTYPE report PUBLIC "-//JACOCO//DTD Report 1.1//EN" "report.dtd"><report name="hello-world"><sessioninfo id="ip-172-26-15-30-78ecc7b6" start="1614701832904" dump="1614701853202"/><package name="poc/spring/controller"><class name="poc/spring/controller/HelloWorldController" sourcefilename="HelloWorldController.java"><method name="&lt;init&gt;" desc="()V" line="19"><counter type="INSTRUCTION" missed="0" covered="3"/><counter type="LINE" missed="0" covered="1"/><counter type="COMPLEXITY" missed="0" covered="1"/><counter type="METHOD" missed="0" covered="1"/></method><method name="helloWorld" desc="()Ljava/lang/String;" line="39"><counter type="INSTRUCTION" missed="0" covered="6"/><counter type="LINE" missed="0" covered="2"/><counter type="COMPLEXITY" missed="0" covered="1"/><counter type="METHOD" missed="0" covered="1"/></method><method name="&lt;clinit&gt;" desc="()V" line="21"><counter type="INSTRUCTION" missed="0" covered="5"/><counter type="LINE" missed="0" covered="1"/><counter type="COMPLEXITY" missed="0" covered="1"/><counter type="METHOD" missed="0" covered="1"/></method><counter type="INSTRUCTION" missed="0" covered="14"/><counter type="LINE" missed="0" covered="4"/><counter type="COMPLEXITY" missed="0" covered="3"/><counter type="METHOD" missed="0" covered="3"/><counter type="CLASS" missed="0" covered="1"/></class><sourcefile name="HelloWorldController.java"><line nr="19" mi="0" ci="3" mb="0" cb="0"/><line nr="21" mi="0" ci="5" mb="0" cb="0"/><line nr="39" mi="0" ci="3" mb="0" cb="0"/><line nr="40" mi="0" ci="3" mb="0" cb="0"/><counter type="INSTRUCTION" missed="0" covered="14"/><counter type="LINE" missed="0" covered="4"/><counter type="COMPLEXITY" missed="0" covered="3"/><counter type="METHOD" missed="0" covered="3"/><counter type="CLASS" missed="0" covered="1"/></sourcefile><counter type="INSTRUCTION" missed="0" covered="14"/><counter type="LINE" missed="0" covered="4"/><counter type="COMPLEXITY" missed="0" covered="3"/><counter type="METHOD" missed="0" covered="3"/><counter type="CLASS" missed="0" covered="1"/></package><package name="poc/spring/conditionals"><class name="poc/spring/conditionals/SampleCondition" sourcefilename="SampleCondition.java"><method name="&lt;init&gt;" desc="()V" line="8"><counter type="INSTRUCTION" missed="0" covered="3"/><counter type="LINE" missed="0" covered="1"/><counter type="COMPLEXITY" missed="0" covered="1"/><counter type="METHOD" missed="0" covered="1"/></method><method name="matches" desc="(Lorg/springframework/context/annotation/ConditionContext;Lorg/springframework/core/type/AnnotatedTypeMetadata;)Z" line="12"><counter type="INSTRUCTION" missed="0" covered="9"/><counter type="LINE" missed="0" covered="1"/><counter type="COMPLEXITY" missed="0" covered="1"/><counter type="METHOD" missed="0" covered="1"/></method><counter type="INSTRUCTION" missed="0" covered="12"/><counter type="LINE" missed="0" covered="2"/><counter type="COMPLEXITY" missed="0" covered="2"/><counter type="METHOD" missed="0" covered="2"/><counter type="CLASS" missed="0" covered="1"/></class><sourcefile name="SampleCondition.java"><line nr="8" mi="0" ci="3" mb="0" cb="0"/><line nr="12" mi="0" ci="9" mb="0" cb="0"/><counter type="INSTRUCTION" missed="0" covered="12"/><counter type="LINE" missed="0" covered="2"/><counter type="COMPLEXITY" missed="0" covered="2"/><counter type="METHOD" missed="0" covered="2"/><counter type="CLASS" missed="0" covered="1"/></sourcefile><counter type="INSTRUCTION" missed="0" covered="12"/><counter type="LINE" missed="0" covered="2"/><counter type="COMPLEXITY" missed="0" covered="2"/><counter type="METHOD" missed="0" covered="2"/><counter type="CLASS" missed="0" covered="1"/></package><package name="poc/spring/service"><class name="poc/spring/service/IService" sourcefilename="IService.java"/><class name="poc/spring/service/HelloWorldService" sourcefilename="HelloWorldService.java"><method name="&lt;init&gt;" desc="()V" line="8"><counter type="INSTRUCTION" missed="0" covered="3"/><counter type="LINE" missed="0" covered="1"/><counter type="COMPLEXITY" missed="0" covered="1"/><counter type="METHOD" missed="0" covered="1"/></method><method name="service" desc="()V" line="13"><counter type="INSTRUCTION" missed="0" covered="4"/><counter type="LINE" missed="0" covered="2"/><counter type="COMPLEXITY" missed="0" covered="1"/><counter type="METHOD" missed="0" covered="1"/></method><method name="&lt;clinit&gt;" desc="()V" line="10"><counter type="INSTRUCTION" missed="0" covered="5"/><counter type="LINE" missed="0" covered="1"/><counter type="COMPLEXITY" missed="0" covered="1"/><counter type="METHOD" missed="0" covered="1"/></method><counter type="INSTRUCTION" missed="0" covered="12"/><counter type="LINE" missed="0" covered="4"/><counter type="COMPLEXITY" missed="0" covered="3"/><counter type="METHOD" missed="0" covered="3"/><counter type="CLASS" missed="0" covered="1"/></class><sourcefile name="IService.java"/><sourcefile name="HelloWorldService.java"><line nr="8" mi="0" ci="3" mb="0" cb="0"/><line nr="10" mi="0" ci="5" mb="0" cb="0"/><line nr="13" mi="0" ci="3" mb="0" cb="0"/><line nr="14" mi="0" ci="1" mb="0" cb="0"/><counter type="INSTRUCTION" missed="0" covered="12"/><counter type="LINE" missed="0" covered="4"/><counter type="COMPLEXITY" missed="0" covered="3"/><counter type="METHOD" missed="0" covered="3"/><counter type="CLASS" missed="0" covered="1"/></sourcefile><counter type="INSTRUCTION" missed="0" covered="12"/><counter type="LINE" missed="0" covered="4"/><counter type="COMPLEXITY" missed="0" covered="3"/><counter type="METHOD" missed="0" covered="3"/><counter type="CLASS" missed="0" covered="1"/></package><package name="poc/spring/config"><class name="poc/spring/config/AppConfig" sourcefilename="AppConfig.java"><method name="&lt;init&gt;" desc="()V" line="28"><counter type="INSTRUCTION" missed="0" covered="3"/><counter type="LINE" missed="0" covered="1"/><counter type="COMPLEXITY" missed="0" covered="1"/><counter type="METHOD" missed="0" covered="1"/></method><method name="helloWorld" desc="()Ljava/lang/String;" line="49"><counter type="INSTRUCTION" missed="0" covered="3"/><counter type="LINE" missed="0" covered="1"/><counter type="COMPLEXITY" missed="0" covered="1"/><counter type="METHOD" missed="0" covered="1"/></method><method name="helloWorldService" desc="()Lpoc/spring/service/IService;" line="55"><counter type="INSTRUCTION" missed="0" covered="4"/><counter type="LINE" missed="0" covered="1"/><counter type="COMPLEXITY" missed="0" covered="1"/><counter type="METHOD" missed="0" covered="1"/></method><method name="&lt;clinit&gt;" desc="()V" line="30"><counter type="INSTRUCTION" missed="0" covered="5"/><counter type="LINE" missed="0" covered="1"/><counter type="COMPLEXITY" missed="0" covered="1"/><counter type="METHOD" missed="0" covered="1"/></method><counter type="INSTRUCTION" missed="0" covered="15"/><counter type="LINE" missed="0" covered="4"/><counter type="COMPLEXITY" missed="0" covered="4"/><counter type="METHOD" missed="0" covered="4"/><counter type="CLASS" missed="0" covered="1"/></class><sourcefile name="AppConfig.java"><line nr="28" mi="0" ci="3" mb="0" cb="0"/><line nr="30" mi="0" ci="5" mb="0" cb="0"/><line nr="49" mi="0" ci="3" mb="0" cb="0"/><line nr="55" mi="0" ci="4" mb="0" cb="0"/><counter type="INSTRUCTION" missed="0" covered="15"/><counter type="LINE" missed="0" covered="4"/><counter type="COMPLEXITY" missed="0" covered="4"/><counter type="METHOD" missed="0" covered="4"/><counter type="CLASS" missed="0" covered="1"/></sourcefile><counter type="INSTRUCTION" missed="0" covered="15"/><counter type="LINE" missed="0" covered="4"/><counter type="COMPLEXITY" missed="0" covered="4"/><counter type="METHOD" missed="0" covered="4"/><counter type="CLASS" missed="0" covered="1"/></package><package name="poc/spring"><class name="poc/spring/App" sourcefilename="App.java"><method name="&lt;init&gt;" desc="()V" line="22"><counter type="INSTRUCTION" missed="0" covered="3"/><counter type="LINE" missed="0" covered="1"/><counter type="COMPLEXITY" missed="0" covered="1"/><counter type="METHOD" missed="0" covered="1"/></method><method name="run" desc="([Ljava/lang/String;)V" line="31"><counter type="INSTRUCTION" missed="0" covered="4"/><counter type="LINE" missed="0" covered="2"/><counter type="COMPLEXITY" missed="0" covered="1"/><counter type="METHOD" missed="0" covered="1"/></method><method name="main" desc="([Ljava/lang/String;)V" line="35"><counter type="INSTRUCTION" missed="0" covered="5"/><counter type="LINE" missed="0" covered="2"/><counter type="COMPLEXITY" missed="0" covered="1"/><counter type="METHOD" missed="0" covered="1"/></method><method name="&lt;clinit&gt;" desc="()V" line="24"><counter type="INSTRUCTION" missed="0" covered="5"/><counter type="LINE" missed="0" covered="1"/><counter type="COMPLEXITY" missed="0" covered="1"/><counter type="METHOD" missed="0" covered="1"/></method><counter type="INSTRUCTION" missed="0" covered="17"/><counter type="LINE" missed="0" covered="6"/><counter type="COMPLEXITY" missed="0" covered="4"/><counter type="METHOD" missed="0" covered="4"/><counter type="CLASS" missed="0" covered="1"/></class><class name="poc/spring/ApplicationProperties" sourcefilename="ApplicationProperties.java"><method name="&lt;init&gt;" desc="()V" line="15"><counter type="INSTRUCTION" missed="0" covered="3"/><counter type="LINE" missed="0" covered="1"/><counter type="COMPLEXITY" missed="0" covered="1"/><counter type="METHOD" missed="0" covered="1"/></method><method name="getPort" desc="()Ljava/lang/Integer;" line="17"><counter type="INSTRUCTION" missed="0" covered="3"/><counter type="LINE" missed="0" covered="1"/><counter type="COMPLEXITY" missed="0" covered="1"/><counter type="METHOD" missed="0" covered="1"/></method><method name="setPort" desc="(Ljava/lang/Integer;)V" line="13"><counter type="INSTRUCTION" missed="0" covered="4"/><counter type="LINE" missed="0" covered="1"/><counter type="COMPLEXITY" missed="0" covered="1"/><counter type="METHOD" missed="0" covered="1"/></method><method name="&lt;clinit&gt;" desc="()V" line="10"><counter type="INSTRUCTION" missed="0" covered="4"/><counter type="LINE" missed="0" covered="1"/><counter type="COMPLEXITY" missed="0" covered="1"/><counter type="METHOD" missed="0" covered="1"/></method><counter type="INSTRUCTION" missed="0" covered="14"/><counter type="LINE" missed="0" covered="4"/><counter type="COMPLEXITY" missed="0" covered="4"/><counter type="METHOD" missed="0" covered="4"/><counter type="CLASS" missed="0" covered="1"/></class><sourcefile name="ApplicationProperties.java"><line nr="10" mi="0" ci="4" mb="0" cb="0"/><line nr="13" mi="0" ci="4" mb="0" cb="0"/><line nr="15" mi="0" ci="3" mb="0" cb="0"/><line nr="17" mi="0" ci="3" mb="0" cb="0"/><counter type="INSTRUCTION" missed="0" covered="14"/><counter type="LINE" missed="0" covered="4"/><counter type="COMPLEXITY" missed="0" covered="4"/><counter type="METHOD" missed="0" covered="4"/><counter type="CLASS" missed="0" covered="1"/></sourcefile><sourcefile name="App.java"><line nr="22" mi="0" ci="3" mb="0" cb="0"/><line nr="24" mi="0" ci="5" mb="0" cb="0"/><line nr="31" mi="0" ci="3" mb="0" cb="0"/><line nr="32" mi="0" ci="1" mb="0" cb="0"/><line nr="35" mi="0" ci="4" mb="0" cb="0"/><line nr="36" mi="0" ci="1" mb="0" cb="0"/><counter type="INSTRUCTION" missed="0" covered="17"/><counter type="LINE" missed="0" covered="6"/><counter type="COMPLEXITY" missed="0" covered="4"/><counter type="METHOD" missed="0" covered="4"/><counter type="CLASS" missed="0" covered="1"/></sourcefile><counter type="INSTRUCTION" missed="0" covered="31"/><counter type="LINE" missed="0" covered="10"/><counter type="COMPLEXITY" missed="0" covered="8"/><counter type="METHOD" missed="0" covered="8"/><counter type="CLASS" missed="0" covered="2"/></package><counter type="INSTRUCTION" missed="0" covered="84"/><counter type="LINE" missed="0" covered="24"/><counter type="COMPLEXITY" missed="0" covered="20"/><counter type="METHOD" missed="0" covered="20"/><counter type="CLASS" missed="0" covered="6"/></report>